<?xml version="1.0" encoding="UTF-8"?>
<testsuite name="exercise.ApplicationTest" tests="8" skipped="0" failures="0" errors="0" timestamp="2024-01-23T23:19:13" hostname="DESKTOP-SH2GTFF" time="0.91">
  <properties/>
  <testcase name="testIndex()" classname="exercise.ApplicationTest" time="0.731"/>
  <testcase name="testShow()" classname="exercise.ApplicationTest" time="0.031"/>
  <testcase name="testWelcomePage()" classname="exercise.ApplicationTest" time="0.011"/>
  <testcase name="testUpdateNegative()" classname="exercise.ApplicationTest" time="0.053"/>
  <testcase name="testShowNegative()" classname="exercise.ApplicationTest" time="0.011"/>
  <testcase name="testCreate()" classname="exercise.ApplicationTest" time="0.017"/>
  <testcase name="testDelete()" classname="exercise.ApplicationTest" time="0.027"/>
  <testcase name="testUpdate()" classname="exercise.ApplicationTest" time="0.015"/>
  <system-out><![CDATA[02:19:09.718 [Test worker] INFO org.springframework.test.context.support.AnnotationConfigContextLoaderUtils -- Could not detect default configuration classes for test class [exercise.ApplicationTest]: ApplicationTest does not declare any static, non-private, non-final, nested classes annotated with @Configuration.
02:19:09.821 [Test worker] INFO org.springframework.boot.test.context.SpringBootTestContextBootstrapper -- Found @SpringBootConfiguration exercise.Application for test class exercise.ApplicationTest

  .   ____          _            __ _ _
 /\\ / ___'_ __ _ _(_)_ __  __ _ \ \ \ \
( ( )\___ | '_ | '_| | '_ \/ _` | \ \ \ \
 \\/  ___)| |_)| | | | | || (_| |  ) ) ) )
  '  |____| .__|_| |_|_| |_\__, | / / / /
 =========|_|==============|___/=/_/_/_/
?[32m :: Spring Boot :: ?[39m              ?[2m (v3.1.3)?[0;39m

?[2m2024-01-24T02:19:10.172+03:00?[0;39m ?[32m INFO?[0;39m ?[35m91022?[0;39m ?[2m---?[0;39m ?[2m[    Test worker]?[0;39m ?[36mexercise.ApplicationTest                ?[0;39m ?[2m:?[0;39m Starting ApplicationTest using Java 17.0.10 with PID 91022 (started by aemeth in /home/aemeth/Hexlet/hexlet-assignments/java-spring-ru/error-handling)
?[2m2024-01-24T02:19:10.173+03:00?[0;39m ?[32m INFO?[0;39m ?[35m91022?[0;39m ?[2m---?[0;39m ?[2m[    Test worker]?[0;39m ?[36mexercise.ApplicationTest                ?[0;39m ?[2m:?[0;39m No active profile set, falling back to 1 default profile: "default"
?[2m2024-01-24T02:19:10.724+03:00?[0;39m ?[32m INFO?[0;39m ?[35m91022?[0;39m ?[2m---?[0;39m ?[2m[    Test worker]?[0;39m ?[36m.s.d.r.c.RepositoryConfigurationDelegate?[0;39m ?[2m:?[0;39m Bootstrapping Spring Data JPA repositories in DEFAULT mode.
?[2m2024-01-24T02:19:10.767+03:00?[0;39m ?[32m INFO?[0;39m ?[35m91022?[0;39m ?[2m---?[0;39m ?[2m[    Test worker]?[0;39m ?[36m.s.d.r.c.RepositoryConfigurationDelegate?[0;39m ?[2m:?[0;39m Finished Spring Data repository scanning in 37 ms. Found 1 JPA repository interfaces.
?[2m2024-01-24T02:19:11.151+03:00?[0;39m ?[32m INFO?[0;39m ?[35m91022?[0;39m ?[2m---?[0;39m ?[2m[    Test worker]?[0;39m ?[36mo.hibernate.jpa.internal.util.LogHelper ?[0;39m ?[2m:?[0;39m HHH000204: Processing PersistenceUnitInfo [name: default]
?[2m2024-01-24T02:19:11.201+03:00?[0;39m ?[32m INFO?[0;39m ?[35m91022?[0;39m ?[2m---?[0;39m ?[2m[    Test worker]?[0;39m ?[36morg.hibernate.Version                   ?[0;39m ?[2m:?[0;39m HHH000412: Hibernate ORM core version 6.2.7.Final
?[2m2024-01-24T02:19:11.203+03:00?[0;39m ?[32m INFO?[0;39m ?[35m91022?[0;39m ?[2m---?[0;39m ?[2m[    Test worker]?[0;39m ?[36morg.hibernate.cfg.Environment           ?[0;39m ?[2m:?[0;39m HHH000406: Using bytecode reflection optimizer
?[2m2024-01-24T02:19:11.334+03:00?[0;39m ?[32m INFO?[0;39m ?[35m91022?[0;39m ?[2m---?[0;39m ?[2m[    Test worker]?[0;39m ?[36mo.h.b.i.BytecodeProviderInitiator       ?[0;39m ?[2m:?[0;39m HHH000021: Bytecode provider name : bytebuddy
?[2m2024-01-24T02:19:11.462+03:00?[0;39m ?[32m INFO?[0;39m ?[35m91022?[0;39m ?[2m---?[0;39m ?[2m[    Test worker]?[0;39m ?[36mo.s.o.j.p.SpringPersistenceUnitInfo     ?[0;39m ?[2m:?[0;39m No LoadTimeWeaver setup: ignoring JPA class transformer
?[2m2024-01-24T02:19:11.477+03:00?[0;39m ?[32m INFO?[0;39m ?[35m91022?[0;39m ?[2m---?[0;39m ?[2m[    Test worker]?[0;39m ?[36mcom.zaxxer.hikari.HikariDataSource      ?[0;39m ?[2m:?[0;39m HikariPool-1 - Starting...
?[2m2024-01-24T02:19:11.623+03:00?[0;39m ?[32m INFO?[0;39m ?[35m91022?[0;39m ?[2m---?[0;39m ?[2m[    Test worker]?[0;39m ?[36mcom.zaxxer.hikari.pool.HikariPool       ?[0;39m ?[2m:?[0;39m HikariPool-1 - Added connection conn0: url=jdbc:h2:mem:514923fc-5bfa-4958-af3c-3318c6e47894 user=SA
?[2m2024-01-24T02:19:11.624+03:00?[0;39m ?[32m INFO?[0;39m ?[35m91022?[0;39m ?[2m---?[0;39m ?[2m[    Test worker]?[0;39m ?[36mcom.zaxxer.hikari.HikariDataSource      ?[0;39m ?[2m:?[0;39m HikariPool-1 - Start completed.
?[2m2024-01-24T02:19:11.789+03:00?[0;39m ?[32m INFO?[0;39m ?[35m91022?[0;39m ?[2m---?[0;39m ?[2m[    Test worker]?[0;39m ?[36mo.h.b.i.BytecodeProviderInitiator       ?[0;39m ?[2m:?[0;39m HHH000021: Bytecode provider name : bytebuddy
?[2m2024-01-24T02:19:12.200+03:00?[0;39m ?[32m INFO?[0;39m ?[35m91022?[0;39m ?[2m---?[0;39m ?[2m[    Test worker]?[0;39m ?[36mo.h.e.t.j.p.i.JtaPlatformInitiator      ?[0;39m ?[2m:?[0;39m HHH000490: Using JtaPlatform implementation: [org.hibernate.engine.transaction.jta.platform.internal.NoJtaPlatform]
Hibernate: create table products (id bigint generated by default as identity, price integer not null, title varchar(255), primary key (id))
?[2m2024-01-24T02:19:12.251+03:00?[0;39m ?[32m INFO?[0;39m ?[35m91022?[0;39m ?[2m---?[0;39m ?[2m[    Test worker]?[0;39m ?[36mj.LocalContainerEntityManagerFactoryBean?[0;39m ?[2m:?[0;39m Initialized JPA EntityManagerFactory for persistence unit 'default'
?[2m2024-01-24T02:19:12.657+03:00?[0;39m ?[33m WARN?[0;39m ?[35m91022?[0;39m ?[2m---?[0;39m ?[2m[    Test worker]?[0;39m ?[36mJpaBaseConfiguration$JpaWebConfiguration?[0;39m ?[2m:?[0;39m spring.jpa.open-in-view is enabled by default. Therefore, database queries may be performed during view rendering. Explicitly configure spring.jpa.open-in-view to disable this warning
?[2m2024-01-24T02:19:13.055+03:00?[0;39m ?[32m INFO?[0;39m ?[35m91022?[0;39m ?[2m---?[0;39m ?[2m[    Test worker]?[0;39m ?[36mo.s.b.t.m.w.SpringBootMockServletContext?[0;39m ?[2m:?[0;39m Initializing Spring TestDispatcherServlet ''
?[2m2024-01-24T02:19:13.055+03:00?[0;39m ?[32m INFO?[0;39m ?[35m91022?[0;39m ?[2m---?[0;39m ?[2m[    Test worker]?[0;39m ?[36mo.s.t.web.servlet.TestDispatcherServlet ?[0;39m ?[2m:?[0;39m Initializing Servlet ''
?[2m2024-01-24T02:19:13.059+03:00?[0;39m ?[32m INFO?[0;39m ?[35m91022?[0;39m ?[2m---?[0;39m ?[2m[    Test worker]?[0;39m ?[36mo.s.t.web.servlet.TestDispatcherServlet ?[0;39m ?[2m:?[0;39m Completed initialization in 3 ms
?[2m2024-01-24T02:19:13.092+03:00?[0;39m ?[32m INFO?[0;39m ?[35m91022?[0;39m ?[2m---?[0;39m ?[2m[    Test worker]?[0;39m ?[36mexercise.ApplicationTest                ?[0;39m ?[2m:?[0;39m Started ApplicationTest in 3.153 seconds (process running for 4.073)
Hibernate: insert into products (price,title,id) values (?,?,default)
Hibernate: select p1_0.id,p1_0.price,p1_0.title from products p1_0
Hibernate: insert into products (price,title,id) values (?,?,default)
Hibernate: insert into products (price,title,id) values (?,?,default)
Hibernate: insert into products (price,title,id) values (?,?,default)
Hibernate: select p1_0.id,p1_0.price,p1_0.title from products p1_0 where p1_0.id=?
Hibernate: insert into products (price,title,id) values (?,?,default)
Hibernate: select p1_0.id,p1_0.price,p1_0.title from products p1_0 where p1_0.id=?
Hibernate: insert into products (price,title,id) values (?,?,default)
Hibernate: insert into products (price,title,id) values (?,?,default)
Hibernate: select p1_0.id,p1_0.price,p1_0.title from products p1_0
Hibernate: insert into products (price,title,id) values (?,?,default)
Hibernate: delete from products where id=?
Hibernate: select p1_0.id,p1_0.price,p1_0.title from products p1_0
Hibernate: insert into products (price,title,id) values (?,?,default)
]]></system-out>
  <system-err><![CDATA[]]></system-err>
</testsuite>
